running egg_info
creating build/diff_drive_controller/diff_drive_controller.egg-info
writing build/diff_drive_controller/diff_drive_controller.egg-info/PKG-INFO
writing dependency_links to build/diff_drive_controller/diff_drive_controller.egg-info/dependency_links.txt
writing entry points to build/diff_drive_controller/diff_drive_controller.egg-info/entry_points.txt
writing requirements to build/diff_drive_controller/diff_drive_controller.egg-info/requires.txt
writing top-level names to build/diff_drive_controller/diff_drive_controller.egg-info/top_level.txt
writing manifest file 'build/diff_drive_controller/diff_drive_controller.egg-info/SOURCES.txt'
reading manifest file 'build/diff_drive_controller/diff_drive_controller.egg-info/SOURCES.txt'
writing manifest file 'build/diff_drive_controller/diff_drive_controller.egg-info/SOURCES.txt'
running build
running build_py
creating /home/tristan/ros2_ws/src/diff_drive_controller/build/diff_drive_controller/build
creating /home/tristan/ros2_ws/src/diff_drive_controller/build/diff_drive_controller/build/lib
creating /home/tristan/ros2_ws/src/diff_drive_controller/build/diff_drive_controller/build/lib/diff_drive_controller
copying diff_drive_controller/__init__.py -> /home/tristan/ros2_ws/src/diff_drive_controller/build/diff_drive_controller/build/lib/diff_drive_controller
copying diff_drive_controller/diff_drive_controller.py -> /home/tristan/ros2_ws/src/diff_drive_controller/build/diff_drive_controller/build/lib/diff_drive_controller
running install
running install_lib
creating /home/tristan/ros2_ws/src/diff_drive_controller/install/diff_drive_controller/lib/python3.12/site-packages/diff_drive_controller
copying /home/tristan/ros2_ws/src/diff_drive_controller/build/diff_drive_controller/build/lib/diff_drive_controller/__init__.py -> /home/tristan/ros2_ws/src/diff_drive_controller/install/diff_drive_controller/lib/python3.12/site-packages/diff_drive_controller
copying /home/tristan/ros2_ws/src/diff_drive_controller/build/diff_drive_controller/build/lib/diff_drive_controller/diff_drive_controller.py -> /home/tristan/ros2_ws/src/diff_drive_controller/install/diff_drive_controller/lib/python3.12/site-packages/diff_drive_controller
byte-compiling /home/tristan/ros2_ws/src/diff_drive_controller/install/diff_drive_controller/lib/python3.12/site-packages/diff_drive_controller/__init__.py to __init__.cpython-312.pyc
byte-compiling /home/tristan/ros2_ws/src/diff_drive_controller/install/diff_drive_controller/lib/python3.12/site-packages/diff_drive_controller/diff_drive_controller.py to diff_drive_controller.cpython-312.pyc
running install_data
creating /home/tristan/ros2_ws/src/diff_drive_controller/install/diff_drive_controller/share/ament_index
creating /home/tristan/ros2_ws/src/diff_drive_controller/install/diff_drive_controller/share/ament_index/resource_index
creating /home/tristan/ros2_ws/src/diff_drive_controller/install/diff_drive_controller/share/ament_index/resource_index/packages
copying resource/diff_drive_controller -> /home/tristan/ros2_ws/src/diff_drive_controller/install/diff_drive_controller/share/ament_index/resource_index/packages
copying package.xml -> /home/tristan/ros2_ws/src/diff_drive_controller/install/diff_drive_controller/share/diff_drive_controller
creating /home/tristan/ros2_ws/src/diff_drive_controller/install/diff_drive_controller/share/diff_drive_controller/launch
copying launch/diff_drive_controller.launch.py -> /home/tristan/ros2_ws/src/diff_drive_controller/install/diff_drive_controller/share/diff_drive_controller/launch
running install_egg_info
Copying build/diff_drive_controller/diff_drive_controller.egg-info to /home/tristan/ros2_ws/src/diff_drive_controller/install/diff_drive_controller/lib/python3.12/site-packages/diff_drive_controller-0.0.1-py3.12.egg-info
running install_scripts
Installing diff_drive_controller script to /home/tristan/ros2_ws/src/diff_drive_controller/install/diff_drive_controller/bin
writing list of installed files to '/home/tristan/ros2_ws/src/diff_drive_controller/build/diff_drive_controller/install.log'
